<?xml version="1.0" encoding="UTF-8"?>
<testng-results skipped="0" failed="0" ignored="0" total="0" passed="0">
  <reporter-output>
  </reporter-output>
  <suite name="Web Suite" duration-ms="57" started-at="2022-01-14T23:25:05 IST" finished-at="2022-01-14T23:25:05 IST">
    <groups>
    </groups>
    <test name="Web Setup Test" duration-ms="57" started-at="2022-01-14T23:25:05 IST" finished-at="2022-01-14T23:25:05 IST">
      <class name="setupTest.WebSetupTest">
        <test-method status="PASS" signature="isWebPanelLoaded()[pri:0, instance:setupTest.WebSetupTest@17046283]" name="isWebPanelLoaded" is-config="true" duration-ms="8241" started-at="2022-01-14T23:24:57 IST" finished-at="2022-01-14T23:25:05 IST">
          <reporter-output>
          </reporter-output>
        </test-method> <!-- isWebPanelLoaded -->
        <test-method status="PASS" signature="isSessionClosed()[pri:0, instance:setupTest.WebSetupTest@17046283]" name="isSessionClosed" is-config="true" duration-ms="1538" started-at="2022-01-14T23:25:06 IST" finished-at="2022-01-14T23:25:08 IST">
          <reporter-output>
          </reporter-output>
        </test-method> <!-- isSessionClosed -->
      </class> <!-- setupTest.WebSetupTest -->
    </test> <!-- Web Setup Test -->
  </suite> <!-- Web Suite -->
</testng-results>
